2017-11-21 13:40:13.879  INFO 7041 --- [main] org.xxpay.XxPayMgrApplication            : Starting XxPayMgrApplication on ryan-Latitude-E7470 with PID 7041 (/home/ryan/git/xxpay-master/xxpay-mgr/target/classes started by ryan in /home/ryan/git/xxpay-master/xxpay-mgr)
2017-11-21 13:40:13.881  INFO 7041 --- [main] org.xxpay.XxPayMgrApplication            : No active profile set, falling back to default profiles: default
2017-11-21 13:40:13.936  INFO 7041 --- [main] ationConfigEmbeddedWebApplicationContext : Refreshing org.springframework.boot.context.embedded.AnnotationConfigEmbeddedWebApplicationContext@1c72da34: startup date [Tue Nov 21 13:40:13 CST 2017]; root of context hierarchy
2017-11-21 13:40:15.562  INFO 7041 --- [main] s.b.c.e.t.TomcatEmbeddedServletContainer : Tomcat initialized with port(s): 8092 (http)
2017-11-21 13:40:15.575  INFO 7041 --- [main] o.apache.catalina.core.StandardService   : Starting service [Tomcat]
2017-11-21 13:40:15.576  INFO 7041 --- [main] org.apache.catalina.core.StandardEngine  : Starting Servlet Engine: Apache Tomcat/8.5.16
2017-11-21 13:40:15.704  INFO 7041 --- [localhost-startStop-1] o.a.c.c.C.[Tomcat].[localhost].[/]       : Initializing Spring embedded WebApplicationContext
2017-11-21 13:40:15.706  INFO 7041 --- [localhost-startStop-1] o.s.web.context.ContextLoader            : Root WebApplicationContext: initialization completed in 1773 ms
2017-11-21 13:40:15.886  INFO 7041 --- [localhost-startStop-1] o.s.b.w.servlet.ServletRegistrationBean  : Mapping servlet: 'dispatcherServlet' to [/]
2017-11-21 13:40:15.891  INFO 7041 --- [localhost-startStop-1] o.s.b.w.servlet.FilterRegistrationBean   : Mapping filter: 'characterEncodingFilter' to: [/*]
2017-11-21 13:40:15.892  INFO 7041 --- [localhost-startStop-1] o.s.b.w.servlet.FilterRegistrationBean   : Mapping filter: 'hiddenHttpMethodFilter' to: [/*]
2017-11-21 13:40:15.892  INFO 7041 --- [localhost-startStop-1] o.s.b.w.servlet.FilterRegistrationBean   : Mapping filter: 'httpPutFormContentFilter' to: [/*]
2017-11-21 13:40:15.892  INFO 7041 --- [localhost-startStop-1] o.s.b.w.servlet.FilterRegistrationBean   : Mapping filter: 'requestContextFilter' to: [/*]
2017-11-21 13:40:16.463  INFO 7041 --- [main] com.alibaba.druid.pool.DruidDataSource   : {dataSource-1} inited
2017-11-21 13:40:17.379  INFO 7041 --- [main] s.w.s.m.m.a.RequestMappingHandlerAdapter : Looking for @ControllerAdvice: org.springframework.boot.context.embedded.AnnotationConfigEmbeddedWebApplicationContext@1c72da34: startup date [Tue Nov 21 13:40:13 CST 2017]; root of context hierarchy
2017-11-21 13:40:17.470  INFO 7041 --- [main] s.w.s.m.m.a.RequestMappingHandlerMapping : Mapped "{[/mch_info/view.html]}" onto public java.lang.String org.xxpay.mgr.controller.MchInfoController.viewInput(java.lang.String,org.springframework.ui.ModelMap)
2017-11-21 13:40:17.473  INFO 7041 --- [main] s.w.s.m.m.a.RequestMappingHandlerMapping : Mapped "{[/mch_info/list.html]}" onto public java.lang.String org.xxpay.mgr.controller.MchInfoController.listInput(org.springframework.ui.ModelMap)
2017-11-21 13:40:17.474  INFO 7041 --- [main] s.w.s.m.m.a.RequestMappingHandlerMapping : Mapped "{[/mch_info/edit.html]}" onto public java.lang.String org.xxpay.mgr.controller.MchInfoController.editInput(java.lang.String,org.springframework.ui.ModelMap)
2017-11-21 13:40:17.475  INFO 7041 --- [main] s.w.s.m.m.a.RequestMappingHandlerMapping : Mapped "{[/mch_info/list]}" onto public java.lang.String org.xxpay.mgr.controller.MchInfoController.list(org.xxpay.dal.dao.model.MchInfo,java.lang.Integer,java.lang.Integer)
2017-11-21 13:40:17.476  INFO 7041 --- [main] s.w.s.m.m.a.RequestMappingHandlerMapping : Mapped "{[/mch_info/save],methods=[POST]}" onto public java.lang.String org.xxpay.mgr.controller.MchInfoController.save(java.lang.String)
2017-11-21 13:40:17.481  INFO 7041 --- [main] s.w.s.m.m.a.RequestMappingHandlerMapping : Mapped "{[/mch_notify/view.html]}" onto public java.lang.String org.xxpay.mgr.controller.MchNotifyController.viewInput(java.lang.String,org.springframework.ui.ModelMap)
2017-11-21 13:40:17.481  INFO 7041 --- [main] s.w.s.m.m.a.RequestMappingHandlerMapping : Mapped "{[/mch_notify/list.html]}" onto public java.lang.String org.xxpay.mgr.controller.MchNotifyController.listInput(org.springframework.ui.ModelMap)
2017-11-21 13:40:17.481  INFO 7041 --- [main] s.w.s.m.m.a.RequestMappingHandlerMapping : Mapped "{[/mch_notify/list]}" onto public java.lang.String org.xxpay.mgr.controller.MchNotifyController.list(org.xxpay.dal.dao.model.MchNotify,java.lang.Integer,java.lang.Integer)
2017-11-21 13:40:17.483  INFO 7041 --- [main] s.w.s.m.m.a.RequestMappingHandlerMapping : Mapped "{[/pay_channel/view.html]}" onto public java.lang.String org.xxpay.mgr.controller.PayChannelController.viewInput(java.lang.String,org.springframework.ui.ModelMap)
2017-11-21 13:40:17.484  INFO 7041 --- [main] s.w.s.m.m.a.RequestMappingHandlerMapping : Mapped "{[/pay_channel/list.html]}" onto public java.lang.String org.xxpay.mgr.controller.PayChannelController.listInput(org.springframework.ui.ModelMap)
2017-11-21 13:40:17.484  INFO 7041 --- [main] s.w.s.m.m.a.RequestMappingHandlerMapping : Mapped "{[/pay_channel/edit.html]}" onto public java.lang.String org.xxpay.mgr.controller.PayChannelController.editInput(java.lang.String,org.springframework.ui.ModelMap)
2017-11-21 13:40:17.484  INFO 7041 --- [main] s.w.s.m.m.a.RequestMappingHandlerMapping : Mapped "{[/pay_channel/list]}" onto public java.lang.String org.xxpay.mgr.controller.PayChannelController.list(org.xxpay.dal.dao.model.PayChannel,java.lang.Integer,java.lang.Integer)
2017-11-21 13:40:17.485  INFO 7041 --- [main] s.w.s.m.m.a.RequestMappingHandlerMapping : Mapped "{[/pay_channel/save],methods=[POST]}" onto public java.lang.String org.xxpay.mgr.controller.PayChannelController.save(java.lang.String)
2017-11-21 13:40:17.489  INFO 7041 --- [main] s.w.s.m.m.a.RequestMappingHandlerMapping : Mapped "{[/pay_order/view.html]}" onto public java.lang.String org.xxpay.mgr.controller.PayOrderController.viewInput(java.lang.String,org.springframework.ui.ModelMap)
2017-11-21 13:40:17.489  INFO 7041 --- [main] s.w.s.m.m.a.RequestMappingHandlerMapping : Mapped "{[/pay_order/list.html]}" onto public java.lang.String org.xxpay.mgr.controller.PayOrderController.listInput(org.springframework.ui.ModelMap)
2017-11-21 13:40:17.490  INFO 7041 --- [main] s.w.s.m.m.a.RequestMappingHandlerMapping : Mapped "{[/pay_order/list]}" onto public java.lang.String org.xxpay.mgr.controller.PayOrderController.list(org.xxpay.dal.dao.model.PayOrder,java.lang.Integer,java.lang.Integer)
2017-11-21 13:40:17.491  INFO 7041 --- [main] s.w.s.m.m.a.RequestMappingHandlerMapping : Mapped "{[/refund_order/view.html]}" onto public java.lang.String org.xxpay.mgr.controller.RefundOrderController.viewInput(java.lang.String,org.springframework.ui.ModelMap)
2017-11-21 13:40:17.491  INFO 7041 --- [main] s.w.s.m.m.a.RequestMappingHandlerMapping : Mapped "{[/refund_order/list.html]}" onto public java.lang.String org.xxpay.mgr.controller.RefundOrderController.listInput(org.springframework.ui.ModelMap)
2017-11-21 13:40:17.492  INFO 7041 --- [main] s.w.s.m.m.a.RequestMappingHandlerMapping : Mapped "{[/refund_order/list]}" onto public java.lang.String org.xxpay.mgr.controller.RefundOrderController.list(org.xxpay.dal.dao.model.RefundOrder,java.lang.Integer,java.lang.Integer)
2017-11-21 13:40:17.493  INFO 7041 --- [main] s.w.s.m.m.a.RequestMappingHandlerMapping : Mapped "{[/trans_order/view.html]}" onto public java.lang.String org.xxpay.mgr.controller.TransOrderController.viewInput(java.lang.String,org.springframework.ui.ModelMap)
2017-11-21 13:40:17.493  INFO 7041 --- [main] s.w.s.m.m.a.RequestMappingHandlerMapping : Mapped "{[/trans_order/list.html]}" onto public java.lang.String org.xxpay.mgr.controller.TransOrderController.listInput(org.springframework.ui.ModelMap)
2017-11-21 13:40:17.494  INFO 7041 --- [main] s.w.s.m.m.a.RequestMappingHandlerMapping : Mapped "{[/trans_order/list]}" onto public java.lang.String org.xxpay.mgr.controller.TransOrderController.list(org.xxpay.dal.dao.model.TransOrder,java.lang.Integer,java.lang.Integer)
2017-11-21 13:40:17.496  INFO 7041 --- [main] s.w.s.m.m.a.RequestMappingHandlerMapping : Mapped "{[/error],produces=[text/html]}" onto public org.springframework.web.servlet.ModelAndView org.springframework.boot.autoconfigure.web.BasicErrorController.errorHtml(javax.servlet.http.HttpServletRequest,javax.servlet.http.HttpServletResponse)
2017-11-21 13:40:17.497  INFO 7041 --- [main] s.w.s.m.m.a.RequestMappingHandlerMapping : Mapped "{[/error]}" onto public org.springframework.http.ResponseEntity<java.util.Map<java.lang.String, java.lang.Object>> org.springframework.boot.autoconfigure.web.BasicErrorController.error(javax.servlet.http.HttpServletRequest)
2017-11-21 13:40:17.530  INFO 7041 --- [main] o.s.w.s.handler.SimpleUrlHandlerMapping  : Mapped URL path [/webjars/**] onto handler of type [class org.springframework.web.servlet.resource.ResourceHttpRequestHandler]
2017-11-21 13:40:17.532  INFO 7041 --- [main] o.s.w.s.handler.SimpleUrlHandlerMapping  : Mapped URL path [/**] onto handler of type [class org.springframework.web.servlet.resource.ResourceHttpRequestHandler]
2017-11-21 13:40:17.629  INFO 7041 --- [main] oConfiguration$WelcomePageHandlerMapping : Adding welcome page: class path resource [static/index.html]
2017-11-21 13:40:17.791  INFO 7041 --- [main] o.s.w.s.v.f.FreeMarkerConfigurer         : ClassTemplateLoader for Spring macros added to FreeMarker configuration
2017-11-21 13:40:17.973  INFO 7041 --- [main] o.s.j.e.a.AnnotationMBeanExporter        : Registering beans for JMX exposure on startup
2017-11-21 13:40:17.974  INFO 7041 --- [main] o.s.j.e.a.AnnotationMBeanExporter        : Bean with name 'dataSource' has been autodetected for JMX exposure
2017-11-21 13:40:17.980  INFO 7041 --- [main] o.s.j.e.a.AnnotationMBeanExporter        : Located MBean 'dataSource': registering with JMX server as MBean [com.alibaba.druid.pool:name=dataSource,type=DruidDataSource]
2017-11-21 13:40:18.046  INFO 7041 --- [main] s.b.c.e.t.TomcatEmbeddedServletContainer : Tomcat started on port(s): 8092 (http)
2017-11-21 13:40:18.055  INFO 7041 --- [main] org.xxpay.XxPayMgrApplication            : Started XxPayMgrApplication in 4.48 seconds (JVM running for 4.899)
2017-11-21 13:40:48.377  INFO 7041 --- [http-nio-8092-exec-1] o.a.c.c.C.[Tomcat].[localhost].[/]       : Initializing Spring FrameworkServlet 'dispatcherServlet'
2017-11-21 13:40:48.377  INFO 7041 --- [http-nio-8092-exec-1] o.s.web.servlet.DispatcherServlet        : FrameworkServlet 'dispatcherServlet': initialization started
2017-11-21 13:40:48.396  INFO 7041 --- [http-nio-8092-exec-1] o.s.web.servlet.DispatcherServlet        : FrameworkServlet 'dispatcherServlet': initialization completed in 19 ms
2017-11-21 13:42:37.122  INFO 7041 --- [http-nio-8092-exec-8] o.x.mgr.controller.MchInfoController     : 保存商户记录,返回:1
2017-11-21 14:06:05.635  INFO 7041 --- [http-nio-8092-exec-10] o.x.mgr.controller.PayChannelController  : 保存渠道记录,返回:1
2017-11-21 14:06:18.573  INFO 7041 --- [http-nio-8092-exec-5] o.x.mgr.controller.PayChannelController  : 保存渠道记录,返回:1
2017-11-21 14:30:50.682  INFO 7041 --- [Thread-3] ationConfigEmbeddedWebApplicationContext : Closing org.springframework.boot.context.embedded.AnnotationConfigEmbeddedWebApplicationContext@1c72da34: startup date [Tue Nov 21 13:40:13 CST 2017]; root of context hierarchy
2017-11-21 14:30:50.688  INFO 7041 --- [Thread-3] o.s.j.e.a.AnnotationMBeanExporter        : Unregistering JMX-exposed beans on shutdown
2017-11-21 14:30:50.690  INFO 7041 --- [Thread-3] o.s.j.e.a.AnnotationMBeanExporter        : Unregistering JMX-exposed beans
2017-11-21 14:30:50.707  INFO 7041 --- [Thread-3] com.alibaba.druid.pool.DruidDataSource   : {dataSource-1} closed
2017-11-21 14:34:49.125  INFO 16427 --- [main] org.xxpay.XxPayMgrApplication            : Starting XxPayMgrApplication on ryan-Latitude-E7470 with PID 16427 (/home/ryan/git/xxpay-master/xxpay-mgr/target/classes started by ryan in /home/ryan/git/xxpay-master/xxpay-mgr)
2017-11-21 14:34:49.128  INFO 16427 --- [main] org.xxpay.XxPayMgrApplication            : No active profile set, falling back to default profiles: default
2017-11-21 14:34:49.359  INFO 16427 --- [main] ationConfigEmbeddedWebApplicationContext : Refreshing org.springframework.boot.context.embedded.AnnotationConfigEmbeddedWebApplicationContext@1c72da34: startup date [Tue Nov 21 14:34:49 CST 2017]; root of context hierarchy
2017-11-21 14:34:51.487  INFO 16427 --- [main] s.b.c.e.t.TomcatEmbeddedServletContainer : Tomcat initialized with port(s): 8092 (http)
2017-11-21 14:34:51.507  INFO 16427 --- [main] o.apache.catalina.core.StandardService   : Starting service [Tomcat]
2017-11-21 14:34:51.508  INFO 16427 --- [main] org.apache.catalina.core.StandardEngine  : Starting Servlet Engine: Apache Tomcat/8.5.16
2017-11-21 14:34:51.606  INFO 16427 --- [localhost-startStop-1] o.a.c.c.C.[Tomcat].[localhost].[/]       : Initializing Spring embedded WebApplicationContext
2017-11-21 14:34:51.606  INFO 16427 --- [localhost-startStop-1] o.s.web.context.ContextLoader            : Root WebApplicationContext: initialization completed in 2252 ms
2017-11-21 14:34:51.773  INFO 16427 --- [localhost-startStop-1] o.s.b.w.servlet.ServletRegistrationBean  : Mapping servlet: 'dispatcherServlet' to [/]
2017-11-21 14:34:51.777  INFO 16427 --- [localhost-startStop-1] o.s.b.w.servlet.FilterRegistrationBean   : Mapping filter: 'characterEncodingFilter' to: [/*]
2017-11-21 14:34:51.777  INFO 16427 --- [localhost-startStop-1] o.s.b.w.servlet.FilterRegistrationBean   : Mapping filter: 'hiddenHttpMethodFilter' to: [/*]
2017-11-21 14:34:51.778  INFO 16427 --- [localhost-startStop-1] o.s.b.w.servlet.FilterRegistrationBean   : Mapping filter: 'httpPutFormContentFilter' to: [/*]
2017-11-21 14:34:51.778  INFO 16427 --- [localhost-startStop-1] o.s.b.w.servlet.FilterRegistrationBean   : Mapping filter: 'requestContextFilter' to: [/*]
2017-11-21 14:34:52.402  INFO 16427 --- [main] com.alibaba.druid.pool.DruidDataSource   : {dataSource-1} inited
2017-11-21 14:34:53.269  INFO 16427 --- [main] s.w.s.m.m.a.RequestMappingHandlerAdapter : Looking for @ControllerAdvice: org.springframework.boot.context.embedded.AnnotationConfigEmbeddedWebApplicationContext@1c72da34: startup date [Tue Nov 21 14:34:49 CST 2017]; root of context hierarchy
2017-11-21 14:34:53.351  INFO 16427 --- [main] s.w.s.m.m.a.RequestMappingHandlerMapping : Mapped "{[/mch_info/edit.html]}" onto public java.lang.String org.xxpay.mgr.controller.MchInfoController.editInput(java.lang.String,org.springframework.ui.ModelMap)
2017-11-21 14:34:53.352  INFO 16427 --- [main] s.w.s.m.m.a.RequestMappingHandlerMapping : Mapped "{[/mch_info/list.html]}" onto public java.lang.String org.xxpay.mgr.controller.MchInfoController.listInput(org.springframework.ui.ModelMap)
2017-11-21 14:34:53.352  INFO 16427 --- [main] s.w.s.m.m.a.RequestMappingHandlerMapping : Mapped "{[/mch_info/view.html]}" onto public java.lang.String org.xxpay.mgr.controller.MchInfoController.viewInput(java.lang.String,org.springframework.ui.ModelMap)
2017-11-21 14:34:53.353  INFO 16427 --- [main] s.w.s.m.m.a.RequestMappingHandlerMapping : Mapped "{[/mch_info/list]}" onto public java.lang.String org.xxpay.mgr.controller.MchInfoController.list(org.xxpay.dal.dao.model.MchInfo,java.lang.Integer,java.lang.Integer)
2017-11-21 14:34:53.353  INFO 16427 --- [main] s.w.s.m.m.a.RequestMappingHandlerMapping : Mapped "{[/mch_info/save],methods=[POST]}" onto public java.lang.String org.xxpay.mgr.controller.MchInfoController.save(java.lang.String)
2017-11-21 14:34:53.355  INFO 16427 --- [main] s.w.s.m.m.a.RequestMappingHandlerMapping : Mapped "{[/mch_notify/list.html]}" onto public java.lang.String org.xxpay.mgr.controller.MchNotifyController.listInput(org.springframework.ui.ModelMap)
2017-11-21 14:34:53.355  INFO 16427 --- [main] s.w.s.m.m.a.RequestMappingHandlerMapping : Mapped "{[/mch_notify/view.html]}" onto public java.lang.String org.xxpay.mgr.controller.MchNotifyController.viewInput(java.lang.String,org.springframework.ui.ModelMap)
2017-11-21 14:34:53.355  INFO 16427 --- [main] s.w.s.m.m.a.RequestMappingHandlerMapping : Mapped "{[/mch_notify/list]}" onto public java.lang.String org.xxpay.mgr.controller.MchNotifyController.list(org.xxpay.dal.dao.model.MchNotify,java.lang.Integer,java.lang.Integer)
2017-11-21 14:34:53.358  INFO 16427 --- [main] s.w.s.m.m.a.RequestMappingHandlerMapping : Mapped "{[/pay_channel/edit.html]}" onto public java.lang.String org.xxpay.mgr.controller.PayChannelController.editInput(java.lang.String,org.springframework.ui.ModelMap)
2017-11-21 14:34:53.358  INFO 16427 --- [main] s.w.s.m.m.a.RequestMappingHandlerMapping : Mapped "{[/pay_channel/list.html]}" onto public java.lang.String org.xxpay.mgr.controller.PayChannelController.listInput(org.springframework.ui.ModelMap)
2017-11-21 14:34:53.358  INFO 16427 --- [main] s.w.s.m.m.a.RequestMappingHandlerMapping : Mapped "{[/pay_channel/view.html]}" onto public java.lang.String org.xxpay.mgr.controller.PayChannelController.viewInput(java.lang.String,org.springframework.ui.ModelMap)
2017-11-21 14:34:53.358  INFO 16427 --- [main] s.w.s.m.m.a.RequestMappingHandlerMapping : Mapped "{[/pay_channel/list]}" onto public java.lang.String org.xxpay.mgr.controller.PayChannelController.list(org.xxpay.dal.dao.model.PayChannel,java.lang.Integer,java.lang.Integer)
2017-11-21 14:34:53.359  INFO 16427 --- [main] s.w.s.m.m.a.RequestMappingHandlerMapping : Mapped "{[/pay_channel/save],methods=[POST]}" onto public java.lang.String org.xxpay.mgr.controller.PayChannelController.save(java.lang.String)
2017-11-21 14:34:53.363  INFO 16427 --- [main] s.w.s.m.m.a.RequestMappingHandlerMapping : Mapped "{[/pay_order/list.html]}" onto public java.lang.String org.xxpay.mgr.controller.PayOrderController.listInput(org.springframework.ui.ModelMap)
2017-11-21 14:34:53.363  INFO 16427 --- [main] s.w.s.m.m.a.RequestMappingHandlerMapping : Mapped "{[/pay_order/view.html]}" onto public java.lang.String org.xxpay.mgr.controller.PayOrderController.viewInput(java.lang.String,org.springframework.ui.ModelMap)
2017-11-21 14:34:53.363  INFO 16427 --- [main] s.w.s.m.m.a.RequestMappingHandlerMapping : Mapped "{[/pay_order/list]}" onto public java.lang.String org.xxpay.mgr.controller.PayOrderController.list(org.xxpay.dal.dao.model.PayOrder,java.lang.Integer,java.lang.Integer)
2017-11-21 14:34:53.365  INFO 16427 --- [main] s.w.s.m.m.a.RequestMappingHandlerMapping : Mapped "{[/refund_order/list.html]}" onto public java.lang.String org.xxpay.mgr.controller.RefundOrderController.listInput(org.springframework.ui.ModelMap)
2017-11-21 14:34:53.365  INFO 16427 --- [main] s.w.s.m.m.a.RequestMappingHandlerMapping : Mapped "{[/refund_order/view.html]}" onto public java.lang.String org.xxpay.mgr.controller.RefundOrderController.viewInput(java.lang.String,org.springframework.ui.ModelMap)
2017-11-21 14:34:53.365  INFO 16427 --- [main] s.w.s.m.m.a.RequestMappingHandlerMapping : Mapped "{[/refund_order/list]}" onto public java.lang.String org.xxpay.mgr.controller.RefundOrderController.list(org.xxpay.dal.dao.model.RefundOrder,java.lang.Integer,java.lang.Integer)
2017-11-21 14:34:53.366  INFO 16427 --- [main] s.w.s.m.m.a.RequestMappingHandlerMapping : Mapped "{[/trans_order/list.html]}" onto public java.lang.String org.xxpay.mgr.controller.TransOrderController.listInput(org.springframework.ui.ModelMap)
2017-11-21 14:34:53.367  INFO 16427 --- [main] s.w.s.m.m.a.RequestMappingHandlerMapping : Mapped "{[/trans_order/view.html]}" onto public java.lang.String org.xxpay.mgr.controller.TransOrderController.viewInput(java.lang.String,org.springframework.ui.ModelMap)
2017-11-21 14:34:53.367  INFO 16427 --- [main] s.w.s.m.m.a.RequestMappingHandlerMapping : Mapped "{[/trans_order/list]}" onto public java.lang.String org.xxpay.mgr.controller.TransOrderController.list(org.xxpay.dal.dao.model.TransOrder,java.lang.Integer,java.lang.Integer)
2017-11-21 14:34:53.369  INFO 16427 --- [main] s.w.s.m.m.a.RequestMappingHandlerMapping : Mapped "{[/error],produces=[text/html]}" onto public org.springframework.web.servlet.ModelAndView org.springframework.boot.autoconfigure.web.BasicErrorController.errorHtml(javax.servlet.http.HttpServletRequest,javax.servlet.http.HttpServletResponse)
2017-11-21 14:34:53.373  INFO 16427 --- [main] s.w.s.m.m.a.RequestMappingHandlerMapping : Mapped "{[/error]}" onto public org.springframework.http.ResponseEntity<java.util.Map<java.lang.String, java.lang.Object>> org.springframework.boot.autoconfigure.web.BasicErrorController.error(javax.servlet.http.HttpServletRequest)
2017-11-21 14:34:53.410  INFO 16427 --- [main] o.s.w.s.handler.SimpleUrlHandlerMapping  : Mapped URL path [/webjars/**] onto handler of type [class org.springframework.web.servlet.resource.ResourceHttpRequestHandler]
2017-11-21 14:34:53.411  INFO 16427 --- [main] o.s.w.s.handler.SimpleUrlHandlerMapping  : Mapped URL path [/**] onto handler of type [class org.springframework.web.servlet.resource.ResourceHttpRequestHandler]
2017-11-21 14:34:53.539  INFO 16427 --- [main] oConfiguration$WelcomePageHandlerMapping : Adding welcome page: class path resource [static/index.html]
2017-11-21 14:34:53.677  INFO 16427 --- [main] o.s.w.s.v.f.FreeMarkerConfigurer         : ClassTemplateLoader for Spring macros added to FreeMarker configuration
2017-11-21 14:34:53.830  INFO 16427 --- [main] o.s.j.e.a.AnnotationMBeanExporter        : Registering beans for JMX exposure on startup
2017-11-21 14:34:53.832  INFO 16427 --- [main] o.s.j.e.a.AnnotationMBeanExporter        : Bean with name 'dataSource' has been autodetected for JMX exposure
2017-11-21 14:34:53.837  INFO 16427 --- [main] o.s.j.e.a.AnnotationMBeanExporter        : Located MBean 'dataSource': registering with JMX server as MBean [com.alibaba.druid.pool:name=dataSource,type=DruidDataSource]
2017-11-21 14:34:53.906  INFO 16427 --- [main] s.b.c.e.t.TomcatEmbeddedServletContainer : Tomcat started on port(s): 8092 (http)
2017-11-21 14:34:53.909  INFO 16427 --- [main] org.xxpay.XxPayMgrApplication            : Started XxPayMgrApplication in 5.756 seconds (JVM running for 6.785)
2017-11-21 15:55:06.111  INFO 16427 --- [http-nio-8092-exec-1] o.a.c.c.C.[Tomcat].[localhost].[/]       : Initializing Spring FrameworkServlet 'dispatcherServlet'
2017-11-21 15:55:06.112  INFO 16427 --- [http-nio-8092-exec-1] o.s.web.servlet.DispatcherServlet        : FrameworkServlet 'dispatcherServlet': initialization started
2017-11-21 15:55:06.131  INFO 16427 --- [http-nio-8092-exec-1] o.s.web.servlet.DispatcherServlet        : FrameworkServlet 'dispatcherServlet': initialization completed in 19 ms
2017-11-21 19:15:00.737  INFO 16427 --- [Thread-3] ationConfigEmbeddedWebApplicationContext : Closing org.springframework.boot.context.embedded.AnnotationConfigEmbeddedWebApplicationContext@1c72da34: startup date [Tue Nov 21 14:34:49 CST 2017]; root of context hierarchy
2017-11-21 19:15:00.742  INFO 16427 --- [Thread-3] o.s.j.e.a.AnnotationMBeanExporter        : Unregistering JMX-exposed beans on shutdown
2017-11-21 19:15:00.743  INFO 16427 --- [Thread-3] o.s.j.e.a.AnnotationMBeanExporter        : Unregistering JMX-exposed beans
2017-11-21 19:15:00.754  INFO 16427 --- [Thread-3] com.alibaba.druid.pool.DruidDataSource   : {dataSource-1} closed
